Toolchain path: /home/moore/.espressif/tools/xtensa-esp32-elf/esp-2020r2-8.2.0/xtensa-esp32-elf/bin/xtensa-esp32-elf-gcc
Toolchain version: esp-2020r2
Compiler version: 8.2.0
Python requirements from /home/moore/esp/esp-idf.v4.1/requirements.txt are satisfied.
MONITOR
ets Jun  8 2016 00:22:57

rst:0x1 (POWERON_RESET),boot:0x13 (SPI_FAST_FLASH_BOOT)
ets Jun  8 2016 00:22:57

rst:0x10 (RTCWDT_RTC_RESET),boot:0x13 (SPI_FAST_FLASH_BOOT)
configsip: 0, SPIWP:0xee
clk_drv:0x00,q_drv:0x00,d_drv:0x00,cs0_drv:0x00,hd_drv:0x00,wp_drv:0x00
mode:DIO, clock div:2
load:0x3fff0030,len:4
load:0x3fff0034,len:6952
load:0x40078000,len:13720
load:0x40080400,len:3880
entry 0x40080680
[0;32mI (29) boot: ESP-IDF v4.1-dirty 2nd stage bootloader[0m
[0;32mI (29) boot: compile time 09:59:15[0m
[0;32mI (29) boot: chip revision: 0[0m
[0;32mI (32) boot.esp32: SPI Speed      : 40MHz[0m
[0;32mI (37) boot.esp32: SPI Mode       : DIO[0m
[0;32mI (41) boot.esp32: SPI Flash Size : 4MB[0m
[0;32mI (46) boot: Enabling RNG early entropy source...[0m
[0;32mI (51) boot: Partition Table:[0m
[0;32mI (55) boot: ## Label            Usage          Type ST Offset   Length[0m
[0;32mI (62) boot:  0 nvs              WiFi data        01 02 00009000 00006000[0m
[0;32mI (70) boot:  1 phy_init         RF data          01 01 0000f000 00001000[0m
[0;32mI (77) boot:  2 factory          factory app      00 00 00010000 00100000[0m
[0;32mI (85) boot: End of partition table[0m
[0;32mI (89) esp_image: segment 0: paddr=0x00010020 vaddr=0x3f400020 size=0x17b38 ( 97080) map[0m
[0;32mI (135) esp_image: segment 1: paddr=0x00027b60 vaddr=0x3ffb0000 size=0x038e4 ( 14564) load[0m
[0;32mI (141) esp_image: segment 2: paddr=0x0002b44c vaddr=0x40080000 size=0x00400 (  1024) load[0m
[0;32mI (142) esp_image: segment 3: paddr=0x0002b854 vaddr=0x40080400 size=0x047c4 ( 18372) load[0m
[0;32mI (158) esp_image: segment 4: paddr=0x00030020 vaddr=0x400d0020 size=0x6fbec (457708) map[0m
[0;32mI (332) esp_image: segment 5: paddr=0x0009fc14 vaddr=0x40084bc4 size=0x1075c ( 67420) load[0m
[0;32mI (373) boot: Loaded app from partition at offset 0x10000[0m
[0;32mI (373) boot: Disabling RNG early entropy source...[0m
[0;32mI (373) cpu_start: Pro cpu up.[0m
[0;32mI (377) cpu_start: Application information:[0m
[0;32mI (382) cpu_start: Project name:     wifi_softAP[0m
[0;32mI (387) cpu_start: App version:      73331f0[0m
[0;32mI (392) cpu_start: Compile time:     Dec 18 2020 09:59:25[0m
[0;32mI (398) cpu_start: ELF file SHA256:  8e7f14a2ac178486...[0m
[0;32mI (404) cpu_start: ESP-IDF:          v4.1-dirty[0m
[0;32mI (409) cpu_start: Starting app cpu, entry point is 0x400811c8[0m
[0;32mI (0) cpu_start: App cpu up.[0m
[0;32mI (420) heap_init: Initializing. RAM available for dynamic allocation:[0m
[0;32mI (426) heap_init: At 3FFAE6E0 len 00001920 (6 KiB): DRAM[0m
[0;32mI (432) heap_init: At 3FFB91B0 len 00026E50 (155 KiB): DRAM[0m
[0;32mI (439) heap_init: At 3FFE0440 len 00003AE0 (14 KiB): D/IRAM[0m
[0;32mI (445) heap_init: At 3FFE4350 len 0001BCB0 (111 KiB): D/IRAM[0m
[0;32mI (451) heap_init: At 40095320 len 0000ACE0 (43 KiB): IRAM[0m
[0;32mI (458) cpu_start: Pro cpu start user code[0m
[0;32mI (476) spi_flash: detected chip: gd[0m
[0;32mI (477) spi_flash: flash io: dio[0m
[0;32mI (477) cpu_start: Starting scheduler on PRO CPU.[0m
[0;32mI (0) cpu_start: Starting scheduler on APP CPU.[0m
[0;32mI (563) wifi softAP: ESP_WIFI_MODE_AP[0m
I (573) wifi:wifi driver task: 3ffc1a24, prio:23, stack:6656, core=0
[0;32mI (573) system_api: Base MAC address is not set, read default base MAC address from BLK0 of EFUSE[0m
[0;32mI (573) system_api: Base MAC address is not set, read default base MAC address from BLK0 of EFUSE[0m
I (603) wifi:wifi firmware version: 3ea4c76
I (603) wifi:config NVS flash: enabled
I (603) wifi:config nano formating: disabled
I (603) wifi:Init dynamic tx buffer num: 32
I (603) wifi:Init data frame dynamic rx buffer num: 32
I (613) wifi:Init management frame dynamic rx buffer num: 32
I (613) wifi:Init management short buffer num: 32
I (623) wifi:Init static rx buffer size: 1600
I (623) wifi:Init static rx buffer num: 10
I (633) wifi:Init dynamic rx buffer num: 32
[0;32mI (733) phy: phy_version: 4180, cb3948e, Sep 12 2019, 16:39:13, 0, 0[0m
I (733) wifi:mode : softAP (24:0a:c4:02:0b:59)
I (733) wifi:Total power save buffer number: 16
I (733) wifi:Init max length of beacon: 752/752
I (743) wifi:Init max length of beacon: 752/752
[0;32mI (743) wifi softAP: wifi_init_softap finished. SSID:TestSSID password: channel:1[0m
[0;32mI (743) wifi softAP: (UNKNOWN) station event_id=12[0m
[0;32mI (763) wifi softAP: WIFI Listing:[0m
[0;32mI (763) wifi softAP: WIFI Listing:[0m
E (813) wifi:esf_buf: t=3 l=28 max:32, alloc:32 no eb, TXQ_BLOCK=4000
W (813) wifi:alloc eb len=28 type=3 fail, heap:227400

W (813) wifi:m f deauth

E (813) wifi:esf_buf: t=3 l=28 max:32, alloc:32 no eb, TXQ_BLOCK=4000
W (823) wifi:alloc eb len=28 type=3 fail, heap:221288

W (823) wifi:m f deauth

E (833) wifi:esf_buf: t=3 l=28 max:32, alloc:32 no eb, TXQ_BLOCK=4000
W (833) wifi:alloc eb len=28 type=3 fail, heap:221684

W (843) wifi:m f deauth

E (843) wifi:esf_buf: t=3 l=28 max:32, alloc:32 no eb, TXQ_BLOCK=4000
W (853) wifi:alloc eb len=28 type=3 fail, heap:221904

W (853) wifi:m f deauth

E (853) wifi:esf_buf: t=3 l=28 max:32, alloc:32 no eb, TXQ_BLOCK=0
W (863) wifi:alloc eb len=28 type=3 fail, heap:222128

W (863) wifi:m f deauth

E (873) wifi:esf_buf: t=3 l=28 max:32, alloc:32 no eb, TXQ_BLOCK=0
W (873) wifi:alloc eb len=28 type=3 fail, heap:222352

W (883) wifi:m f deauth

E (883) wifi:esf_buf: t=3 l=28 max:32, alloc:32 no eb, TXQ_BLOCK=0
W (893) wifi:alloc eb len=28 type=3 fail, heap:222576

W (893) wifi:m f deauth

E (893) wifi:esf_buf: t=3 l=28 max:32, alloc:32 no eb, TXQ_BLOCK=0
W (903) wifi:alloc eb len=28 type=3 fail, heap:222800

W (903) wifi:m f deauth

E (913) wifi:esf_buf: t=3 l=28 max:32, alloc:32 no eb, TXQ_BLOCK=4000
W (913) wifi:alloc eb len=28 type=3 fail, heap:223024

W (923) wifi:m f deauth

E (923) wifi:esf_buf: t=3 l=28 max:32, alloc:32 no eb, TXQ_BLOCK=0
W (933) wifi:alloc eb len=28 type=3 fail, heap:223248

W (933) wifi:m f deauth

E (933) wifi:esf_buf: t=3 l=28 max:32, alloc:32 no eb, TXQ_BLOCK=0
W (943) wifi:alloc eb len=28 type=3 fail, heap:223644

W (943) wifi:m f deauth

E (953) wifi:esf_buf: t=3 l=28 max:32, alloc:32 no eb, TXQ_BLOCK=4000
W (953) wifi:alloc eb len=28 type=3 fail, heap:223868

W (963) wifi:m f deauth

E (963) wifi:esf_buf: t=3 l=28 max:32, alloc:32 no eb, TXQ_BLOCK=0
W (973) wifi:alloc eb len=28 type=3 fail, heap:224092

W (973) wifi:m f deauth

E (973) wifi:esf_buf: t=3 l=28 max:32, alloc:32 no eb, TXQ_BLOCK=0
W (983) wifi:alloc eb len=28 type=3 fail, heap:224316

W (983) wifi:m f deauth

E (993) wifi:esf_buf: t=3 l=28 max:32, alloc:32 no eb, TXQ_BLOCK=0
W (993) wifi:alloc eb len=28 type=3 fail, heap:224540

W (1003) wifi:m f deauth

E (1003) wifi:esf_buf: t=3 l=28 max:32, alloc:32 no eb, TXQ_BLOCK=0
W (1013) wifi:alloc eb len=28 type=3 fail, heap:224764

W (1013) wifi:m f deauth

E (1013) wifi:esf_buf: t=3 l=28 max:32, alloc:32 no eb, TXQ_BLOCK=4000
W (1023) wifi:alloc eb len=28 type=3 fail, heap:224988

W (1023) wifi:m f deauth

E (1033) wifi:esf_buf: t=3 l=28 max:32, alloc:32 no eb, TXQ_BLOCK=0
W (1033) wifi:alloc eb len=28 type=3 fail, heap:225212

W (1043) wifi:m f deauth

E (1043) wifi:esf_buf: t=3 l=28 max:32, alloc:32 no eb, TXQ_BLOCK=0
W (1053) wifi:alloc eb len=28 type=3 fail, heap:225608

W (1053) wifi:m f deauth

E (1053) wifi:esf_buf: t=3 l=28 max:32, alloc:32 no eb, TXQ_BLOCK=4000
W (1063) wifi:alloc eb len=28 type=3 fail, heap:225832

W (1073) wifi:m f deauth

E (1073) wifi:esf_buf: t=3 l=28 max:32, alloc:32 no eb, TXQ_BLOCK=0
W (1073) wifi:alloc eb len=28 type=3 fail, heap:226056

W (1083) wifi:m f deauth

E (1083) wifi:esf_buf: t=3 l=28 max:32, alloc:32 no eb, TXQ_BLOCK=0
W (1093) wifi:alloc eb len=28 type=3 fail, heap:226280

W (1093) wifi:m f deauth

E (1093) wifi:esf_buf: t=3 l=28 max:32, alloc:32 no eb, TXQ_BLOCK=0
W (1103) wifi:alloc eb len=28 type=3 fail, heap:226504

W (1113) wifi:m f deauth

E (1113) wifi:esf_buf: t=3 l=28 max:32, alloc:32 no eb, TXQ_BLOCK=4000
W (1113) wifi:alloc eb len=28 type=3 fail, heap:226728

W (1123) wifi:m f deauth

E (1123) wifi:esf_buf: t=3 l=28 max:32, alloc:32 no eb, TXQ_BLOCK=0
W (1133) wifi:alloc eb len=28 type=3 fail, heap:226952

W (1133) wifi:m f deauth

E (1143) wifi:esf_buf: t=3 l=28 max:32, alloc:32 no eb, TXQ_BLOCK=0
W (1143) wifi:alloc eb len=28 type=3 fail, heap:227176

W (1153) wifi:m f deauth

E (1153) wifi:esf_buf: t=3 l=28 max:32, alloc:32 no eb, TXQ_BLOCK=0
W (1153) wifi:alloc eb len=28 type=3 fail, heap:227400

W (1163) wifi:m f deauth

E (1163) wifi:esf_buf: t=3 l=28 max:32, alloc:32 no eb, TXQ_BLOCK=2000
W (1173) wifi:alloc eb len=28 type=3 fail, heap:219392

W (1173) wifi:m f deauth

E (1183) wifi:esf_buf: t=3 l=28 max:32, alloc:32 no eb, TXQ_BLOCK=0
W (1183) wifi:alloc eb len=28 type=3 fail, heap:219612

W (1193) wifi:m f deauth

E (1193) wifi:esf_buf: t=3 l=28 max:32, alloc:32 no eb, TXQ_BLOCK=0
W (1203) wifi:alloc eb len=28 type=3 fail, heap:219840

W (1203) wifi:m f deauth

E (1203) wifi:esf_buf: t=3 l=28 max:32, alloc:32 no eb, TXQ_BLOCK=0
W (1213) wifi:alloc eb len=28 type=3 fail, heap:220060

W (1213) wifi:m f deauth

E (1223) wifi:esf_buf: t=3 l=28 max:32, alloc:32 no eb, TXQ_BLOCK=4000
W (1223) wifi:alloc eb len=28 type=3 fail, heap:220284

W (1233) wifi:m f deauth

E (1233) wifi:esf_buf: t=3 l=28 max:32, alloc:32 no eb, TXQ_BLOCK=0
W (1243) wifi:alloc eb len=28 type=3 fail, heap:220508

W (1243) wifi:m f deauth

E (1243) wifi:esf_buf: t=3 l=28 max:32, alloc:32 no eb, TXQ_BLOCK=0
W (1253) wifi:alloc eb len=28 type=3 fail, heap:220732

W (1253) wifi:m f deauth

E (1263) wifi:esf_buf: t=3 l=28 max:32, alloc:32 no eb, TXQ_BLOCK=0
W (1263) wifi:alloc eb len=28 type=3 fail, heap:220956

W (1273) wifi:m f deauth

E (1273) wifi:esf_buf: t=3 l=28 max:32, alloc:32 no eb, TXQ_BLOCK=4000
W (1283) wifi:alloc eb len=28 type=3 fail, heap:221180

W (1283) wifi:m f deauth

E (1283) wifi:esf_buf: t=3 l=28 max:32, alloc:32 no eb, TXQ_BLOCK=0
W (1293) wifi:alloc eb len=28 type=3 fail, heap:221404

W (1293) wifi:m f deauth

E (1303) wifi:esf_buf: t=3 l=28 max:32, alloc:32 no eb, TXQ_BLOCK=0
W (1303) wifi:alloc eb len=28 type=3 fail, heap:221628

W (1313) wifi:m f deauth

E (1313) wifi:esf_buf: t=3 l=28 max:32, alloc:32 no eb, TXQ_BLOCK=0
W (1323) wifi:alloc eb len=28 type=3 fail, heap:221852

W (1323) wifi:m f deauth

E (1323) wifi:esf_buf: t=3 l=28 max:32, alloc:32 no eb, TXQ_BLOCK=4000
W (1333) wifi:alloc eb len=28 type=3 fail, heap:222076

W (1343) wifi:m f deauth

E (1343) wifi:esf_buf: t=3 l=28 max:32, alloc:32 no eb, TXQ_BLOCK=0
W (1343) wifi:alloc eb len=28 type=3 fail, heap:222300

W (1353) wifi:m f deauth

I (1863) wifi:new:<1,1>, old:<1,1>, ap:<1,1>, sta:<255,255>, prof:1
I (1863) wifi:station: 00:0f:00:e1:d4:8f join, AID=1, bgn, 40U
[0;32mI (1863) wifi softAP: station 00:0f:00:e1:d4:8f join, AID=1[0m
[0;32mI (1873) wifi softAP: WIFI Listing:[0m
[0;32mI (1873) wifi softAP:     [0]: 000F00E1D48F 0.0.0.0[0m
[0;32mI (10763) wifi softAP: WIFI Listing:[0m
[0;32mI (10763) wifi softAP:     [0]: 000F00E1D48F 0.0.0.0[0m
[0;32mI (20763) wifi softAP: WIFI Listing:[0m
[0;32mI (20763) wifi softAP:     [0]: 000F00E1D48F 0.0.0.0[0m
